Sencha Cmd 6.1.2.15 - Crash report
================================================
An error occurred while executing the following command: build app production

Diagnostic information:
=======================
                         app.archivePath : archive                                           
                      app.bootstrap.base : C:\smeg-applications\apps\ShoppingCart            
                       app.bootstrap.css : bootstrap.css                                     
                  app.bootstrap.manifest : bootstrap.json                                    
               app.bootstrap.microloader : bootstrap.js                                      
                        app.cache.deltas : deltas                                            
                        app.cache.enable : false                                             
                           app.classpath : C:\smeg-applications\apps\ShoppingCart/app        
                         app.cmd.version : 6.1.2.15                                          
                          app.config.dir : C:\smeg-applications\apps\ShoppingCart\.sencha\app
                app.cordova.cache.enable : false                                             
                   app.cordova.config.id : com.domain.ShoppingCart                           
                 app.cordova.config.name : ShoppingCart                                      
                 app.cordova.config.path : C:\smeg-applications\apps\ShoppingCart/cordova    
               app.cordova.config.target :                                                   
              app.cordova.config.verbose : false                                             
                   app.cordova.js.0.path : cordova.js                                        
               app.cordova.js.0.priority : 1000                                              
                 app.cordova.js.0.remote : true                                              
                   app.cordova.js.length : 1                                                 
                 app.cordova.microloader : C:\smeg-applications\apps\ShoppingCart\.sencha\app/Microloader.js
      app.cordova.output.appCache.enable : false                                             
                 app.cordova.output.base : C:\smeg-applications\apps\ShoppingCart/cordova/www
             app.cordova.output.manifest : ${build.id}.json                                  
                 app.cordova.output.page : index.html                                        
                                 app.dir : C:\smeg-applications\apps\ShoppingCart            
              app.fashion.inliner.enable : false                                             
                           app.framework : ext                                               
                   app.framework.version : 6.0.2.437                                         
                                  app.id : ef0f582c-7de8-427f-88fa-eb3a666e8f8f              
                       app.indexHtmlPath : index.html                                        
                                app.name : ShoppingCart                                      
              app.output.appCache.enable : false                                             
                         app.output.base : C:\smeg-applications/build/${build.environment}/ShoppingCart
           app.output.microloader.enable : true                                              
                           app.overrides : C:\smeg-applications\apps\ShoppingCart/overrides  
               app.phonegap.cache.enable : false                                             
                  app.phonegap.config.id : com.domain.ShoppingCart                           
                app.phonegap.config.name : ShoppingCart                                      
                app.phonegap.config.path : C:\smeg-applications\apps\ShoppingCart/phonegap   
              app.phonegap.config.remote : false                                             
             app.phonegap.config.verbose : false                                             
                  app.phonegap.js.0.path : phonegap.js                                       
              app.phonegap.js.0.priority : 1000                                              
                app.phonegap.js.0.remote : true                                              
                  app.phonegap.js.length : 1                                                 
                app.phonegap.microloader : C:\smeg-applications\apps\ShoppingCart\.sencha\app/Microloader.js
     app.phonegap.output.appCache.enable : false                                             
                app.phonegap.output.base : C:\smeg-applications\apps\ShoppingCart/phonegap/www
            app.phonegap.output.manifest : ${build.id}.json                                  
                app.phonegap.output.page : index.html                                        
             app.production.cache.enable : true                                              
          app.production.compressor.type : yui                                               
             app.production.loader.cache : ${build.timestamp}                                
   app.production.output.appCache.enable : false                                             
     app.production.output.appCache.path : ../cache.appcache                                 
                      app.requires.names : ext,core,classic,valence,ux,valence-common,font-awesome,font-ext,theme-triton,valence-theme,valence-locale,valence-login
                   app.requires.packages : C:\smeg-applications\ext,C:\smeg-applications\ext\packages\core,C:\smeg-applications\ext\classic\classic,C:\smeg-applications\packages\remote\valence,C:\smeg-applications\ext\packages\ux,C:\smeg-applications\packages\remote\valence-common,C:\smeg-applications\ext\packages\font-awesome,C:\smeg-applications\ext\packages\font-ext,C:\smeg-applications\ext\classic\theme-triton,C:\smeg-applications\packages\remote\valence-theme,C:\smeg-applications\packages\remote\valence-locale,C:\smeg-applications\packages\remote\valence-login
                      app.resource.paths :                                                   
                        app.sass.dynamic : true                                              
                            app.sass.etc : sass/etc/all.scss,classic/sass/etc/all.scss       
                          app.sass.etc.0 : sass/etc/all.scss                                 
                          app.sass.etc.1 : classic/sass/etc/all.scss                         
                     app.sass.etc.length : 2                                                 
                      app.sass.namespace : ShoppingCart                                      
                            app.sass.src : sass/src,classic/sass/src                         
                          app.sass.src.0 : sass/src                                          
                          app.sass.src.1 : classic/sass/src                                  
                     app.sass.src.length : 2                                                 
                            app.sass.var : sass/var/all.scss,sass/var,classic/sass/var       
                          app.sass.var.0 : sass/var/all.scss                                 
                          app.sass.var.1 : sass/var                                          
                          app.sass.var.2 : classic/sass/var                                  
                     app.sass.var.length : 3                                                 
                 app.slicer.cache.enable : false                                             
        app.slicer.js.0.isWidgetManifest : true                                              
                    app.slicer.js.0.path : C:\smeg-applications\apps\ShoppingCart/sass/example/custom.js
                    app.slicer.js.length : 1                                                 
       app.slicer.output.appCache.enable : false                                             
                               app.theme : ext-theme-neptune                                 
                             app.toolkit : classic                                           
                             app.version : 1.0.0.0                                           
                    buildenvironment.dir : C:\smeg-applications\apps\ShoppingCart            
               buildenvironment.load.dir : C:\smeg-applications\apps\ShoppingCart            
                          cmd.config.dir : C:\Users\peter.sioufi\bin\Sencha\Cmd\6.1.2.15     
                                 cmd.dir : C:\Users\peter.sioufi\bin\Sencha\Cmd\6.1.2.15     
                    cmd.framework.minver : 5.5.0                                             
                   cmd.framework.version : 99.99                                             
                            cmd.jvm.args : -Xms128m -Xmx1024m -Dapple.awt.UIElement=true     
              cmd.merge.tool.args.araxis : -wait -merge -3 -a1 {base} {user} {generated} {out}
              cmd.merge.tool.args.kdiff3 : {base} {user} {generated} -o {out}                
             cmd.merge.tool.args.p4merge : {base} {user} {generated} {out}                   
           cmd.merge.tool.args.smartsync : {user} {generated} {base}                         
          cmd.merge.tool.args.sourcegear : --merge --result={out} {user} {base} {generated}  
            cmd.merge.tool.args.tortoise : -base:{base} -theirs:{generated} -mine:{user} -merged:{out}
                              cmd.minver : 3.0.0.0                                           
                            cmd.platform : windows                                           
                         cmd.server.port : 1841                                              
                     cmd.unicode.escapes : C:\Users\peter.sioufi\bin\Sencha\Cmd\6.1.2.15/unicode-escapes.json
                             cmd.version : 6.1.2.15                                          
                            cmd.web.port : 1841                                              
                     config.skipDownload : true                                              
                      config.skipInherit : false                                             
                        ext.license.name : commercial                                        
                     framework.build.dir : ${package.output.base}                            
                     framework.classpath : ${package.dir}/src                                
                    framework.cmd.minver : 6.0.3.46                                          
                   framework.cmd.version : 6.0.3.46                                          
                 framework.compatVersion : 6.0.0                                             
                    framework.config.dir : C:\Users\peter.sioufi\bin\Sencha\Cmd\6.1.2.15\plugins\ext\current
                       framework.creator : Sencha                                            
           framework.detailedDescription : Sencha Ext JS JavaScript Framework                
                           framework.dir : C:\smeg-applications\ext                          
                  framework.example.apps : admin-dashboard,executive-dashboard,feed-viewer,kitchensink,classic/charts-kitchensink,classic/desktop,classic/ticket-app,classic/portal,classic/simple-tasks,classic/responsive-app,classic/aria,modern/addressbook,modern/blackberry,modern/energy,modern/stockapp,modern/states,modern/geocongress,modern/oreilly
                framework.example.apps.0 : admin-dashboard                                   
                framework.example.apps.1 : executive-dashboard                               
               framework.example.apps.10 : classic/aria                                      
               framework.example.apps.11 : modern/addressbook                                
               framework.example.apps.12 : modern/blackberry                                 
               framework.example.apps.13 : modern/energy                                     
               framework.example.apps.14 : modern/stockapp                                   
               framework.example.apps.15 : modern/states                                     
               framework.example.apps.16 : modern/geocongress                                
               framework.example.apps.17 : modern/oreilly                                    
                framework.example.apps.2 : feed-viewer                                       
                framework.example.apps.3 : kitchensink                                       
                framework.example.apps.4 : classic/charts-kitchensink                        
                framework.example.apps.5 : classic/desktop                                   
                framework.example.apps.6 : classic/ticket-app                                
                framework.example.apps.7 : classic/portal                                    
                framework.example.apps.8 : classic/simple-tasks                              
                framework.example.apps.9 : classic/responsive-app                            
           framework.example.apps.length : 18                                                
                  framework.example.path : examples,templates                                
                framework.example.path.0 : examples                                          
                framework.example.path.1 : templates                                         
           framework.example.path.length : 2                                                 
                        framework.format : 1                                                 
                          framework.isV5 : true                                              
                          framework.isV6 : true                                              
                          framework.name : ext                                               
                     framework.namespace : Ext                                               
                        framework.output : ${package.dir}/build                              
                     framework.overrides : ${package.dir}/overrides                          
                  framework.packages.dir : C:\smeg-applications\ext/packages/,C:\smeg-applications\ext/classic
                framework.resource.paths : resources                                         
              framework.resource.paths.0 : resources                                         
         framework.resource.paths.length : 1                                                 
                      framework.sass.etc : ${package.dir}/sass/etc/all.scss                  
                  framework.sass.fashion : true                                              
                framework.sass.namespace : Ext                                               
                      framework.sass.src : ${package.dir}/sass/src                           
                      framework.sass.var : ${package.dir}/sass/var                           
                       framework.subpkgs : classic/classic,modern/modern,packages/charts,packages/amf,packages/soap,packages/ux,packages/legacy,packages/font-awesome,packages/font-pictos,packages/font-ext
                     framework.subpkgs.0 : classic/classic                                   
                     framework.subpkgs.1 : modern/modern                                     
                     framework.subpkgs.2 : packages/charts                                   
                     framework.subpkgs.3 : packages/amf                                      
                     framework.subpkgs.4 : packages/soap                                     
                     framework.subpkgs.5 : packages/ux                                       
                     framework.subpkgs.6 : packages/legacy                                   
                     framework.subpkgs.7 : packages/font-awesome                             
                     framework.subpkgs.8 : packages/font-pictos                              
                     framework.subpkgs.9 : packages/font-ext                                 
                framework.subpkgs.length : 10                                                
                       framework.summary : Ext JS                                            
                          framework.type : framework                                         
                       framework.version : 6.0.2.437                                         
                       inspector.address : http://localhost:1839/                            
                    package.sass.dynamic : true                                              
                          repo.local.dir : C:\Users\peter.sioufi\bin\Sencha\Cmd\repo         
        system.java.net.useSystemProxies : true                                              
                        theme.base.names : theme-base,theme-neutral,theme-neptune            
                     theme.base.packages : C:\smeg-applications\ext\classic\theme-base,C:\smeg-applications\ext\classic\theme-neutral,C:\smeg-applications\ext\classic\theme-neptune
                              theme.name : ext-theme-neptune                                 
                            toolkit.name : classic                                           
                          workspace.apps : apps/Wrapper,apps/ShoppingCart                    
                        workspace.apps.0 : apps/Wrapper                                      
                        workspace.apps.1 : apps/ShoppingCart                                 
                   workspace.apps.length : 2                                                 
                     workspace.build.dir : C:\smeg-applications/build                        
                    workspace.config.dir : C:\smeg-applications\.sencha\workspace            
                           workspace.dir : C:\smeg-applications                              
           workspace.frameworks.ext.path : C:\smeg-applications\ext                          
                  workspace.packages.dir : C:\smeg-applications/packages/local,C:\smeg-applications/packages
              workspace.packages.extract : C:\smeg-applications/packages/remote              
                     workspace.theme.dir : C:\smeg-applications/packages/local,C:\smeg-applications/packages/${args.themeName}

Exception information:
=======================
java.lang.NullPointerException
     at java.io.File.<init>(Unknown Source)
     at com.sencha.util.FileUtil.readFile(FileUtil.java:158)
     at com.sencha.tools.compiler.jsb.projects.JsbBuilder.processBuild(JsbBuilder.java:29)
     at com.sencha.command.build.JsbCommand.execute(JsbCommand.java:15)
     at sun.reflect.NativeMethodAccessorImpl.invoke0(Native Method)
     at sun.reflect.NativeMethodAccessorImpl.invoke(Unknown Source)
     at sun.reflect.DelegatingMethodAccessorImpl.invoke(Unknown Source)
     at java.lang.reflect.Method.invoke(Unknown Source)
     at com.sencha.util.MethodInvoker$Arguments.invoke(MethodInvoker.java:175)
     at com.sencha.cli.Command.dispatch(Command.java:43)
     at com.sencha.cli.Commands.dispatch(Commands.java:64)
     at com.sencha.command.Sencha.dispatch(Sencha.java:79)
     at com.sencha.command.Sencha.main(Sencha.java:147)
     at sun.reflect.NativeMethodAccessorImpl.invoke0(Native Method)
     at sun.reflect.NativeMethodAccessorImpl.invoke(Unknown Source)
     at sun.reflect.DelegatingMethodAccessorImpl.invoke(Unknown Source)
     at java.lang.reflect.Method.invoke(Unknown Source)
     at com.exe4j.runtime.LauncherEngine.launch(Unknown Source)
     at com.exe4j.runtime.WinLauncher.main(Unknown Source)
     at com.install4j.runtime.launcher.WinLauncher.main(Unknown Source)

