Sencha Cmd 6.2.2.36 - Crash report
================================================
An error occurred while executing the following command: -sd

Diagnostic information:
=======================
                    buildenvironment.dir : C:\Code\valence_app\smeg-applications             
               buildenvironment.load.dir : C:\Code\valence_app\smeg-applications             
                          cmd.config.dir : C:\Users\jesse.zha\bin\Sencha\Cmd\6.2.2.36        
                                 cmd.dir : C:\Users\jesse.zha\bin\Sencha\Cmd\6.2.2.36        
                            cmd.jvm.args : -Xms128m -Xmx1024m -Dapple.awt.UIElement=true     
              cmd.merge.tool.args.araxis : -wait -merge -3 -a1 {base} {user} {generated} {out}
              cmd.merge.tool.args.kdiff3 : {base} {user} {generated} -o {out}                
             cmd.merge.tool.args.p4merge : {base} {user} {generated} {out}                   
           cmd.merge.tool.args.smartsync : {user} {generated} {base}                         
          cmd.merge.tool.args.sourcegear : --merge --result={out} {user} {base} {generated}  
            cmd.merge.tool.args.tortoise : -base:{base} -theirs:{generated} -mine:{user} -merged:{out}
                              cmd.minver : 3.0.0.0                                           
                            cmd.platform : windows                                           
                     cmd.unicode.escapes : C:\Users\jesse.zha\bin\Sencha\Cmd\6.2.2.36/unicode-escapes.json
                             cmd.version : 6.2.2.36                                          
                            cmd.web.port : 1841                                              
                       inspector.address : http://localhost:1839/                            
                          repo.local.dir : C:\Users\jesse.zha\bin\Sencha\Cmd\repo            
                         sencha.sdk.path : C:\Users\jesse.zha\sencha-sdks                    
        system.java.net.useSystemProxies : true                                              
                          workspace.apps : apps/Wrapper,apps/ShoppingCart,apps/Shopping,apps/Welcome
                        workspace.apps.0 : apps/Wrapper                                      
                        workspace.apps.1 : apps/ShoppingCart                                 
                        workspace.apps.2 : apps/Shopping                                     
                        workspace.apps.3 : apps/Welcome                                      
                   workspace.apps.length : 4                                                 
                     workspace.build.dir : C:\Code\valence_app\smeg-applications/build       
                   workspace.cmd.version : 6.2.2.36                                          
                    workspace.config.dir : C:\Code\valence_app\smeg-applications\.sencha\workspace
                           workspace.dir : C:\Code\valence_app\smeg-applications             
           workspace.frameworks.ext.path : C:\Code\valence_app\smeg-applications\ext         
        workspace.frameworks.ext.version : 6.2.2.479                                         
                  workspace.packages.dir : C:\Code\valence_app\smeg-applications/packages/local,C:\Code\valence_app\smeg-applications/packages
              workspace.packages.extract : C:\Code\valence_app\smeg-applications/packages/remote
                     workspace.theme.dir : C:\Code\valence_app\smeg-applications/packages/local,C:\Code\valence_app\smeg-applications/packages/${args.themeName}

Exception information:
=======================
Missing required argument
     at com.sencha.cli.Arguments.mustPull(Arguments.java:79)
     at com.sencha.cli.Arguments.mustPull(Arguments.java:86)
     at com.sencha.cli.AbstractCommand.parseConfigParam(AbstractCommand.java:500)
     at com.sencha.cli.AbstractCommand.processConfigParam(AbstractCommand.java:518)
     at com.sencha.cli.AbstractCommand.configure(AbstractCommand.java:114)
     at com.sencha.command.Sencha.main(Sencha.java:135)
     at sun.reflect.NativeMethodAccessorImpl.invoke0(Native Method)
     at sun.reflect.NativeMethodAccessorImpl.invoke(Unknown Source)
     at sun.reflect.DelegatingMethodAccessorImpl.invoke(Unknown Source)
     at java.lang.reflect.Method.invoke(Unknown Source)
     at com.exe4j.runtime.LauncherEngine.launch(LauncherEngine.java:65)
     at com.exe4j.runtime.WinLauncher.main(WinLauncher.java:101)
     at com.install4j.runtime.launcher.WinLauncher.main(WinLauncher.java:26)

